<?xml version="1.0" encoding="UTF-8"?>
<!-- Generated by org.testng.reporters.JUnitReportReporter -->
<testsuite hostname="DESKTOP-CH883P8" failures="0" tests="6" name="testcases.CompletePage_Test" time="33.576" errors="0" timestamp="2023-12-07T21:11:00 IST" skipped="0">
  <testcase classname="testcases.CompletePage_Test" name="VerifyBackHomeBtnTest" time="4.420"/>
  <system-out>
    <![CDATA[BackHome Button of CompletePage :- https://www.saucedemo.com/inventory.html]]>
  </system-out>
  <testcase classname="testcases.CompletePage_Test" name="VerifyThankYouMsgTest" time="6.651"/>
  <system-out>
    <![CDATA[Display 'Thank you for your order!' Message of CompletePage = Thank you for your order!]]>
  </system-out>
  <testcase classname="testcases.CompletePage_Test" name="VerifyImageLogoTest" time="7.400"/>
  <system-out>
    <![CDATA[Display image of CompletePage = true]]>
  </system-out>
  <testcase classname="testcases.CompletePage_Test" name="VerifyURLofCompletePage" time="5.405"/>
  <system-out>
    <![CDATA[URL of Complete Page = https://www.saucedemo.com/checkout-complete.html]]>
  </system-out>
  <testcase classname="testcases.CompletePage_Test" name="VerifyYourOrderMsgTest" time="4.525"/>
  <system-out>
    <![CDATA[Display Your Order Message of CompletePage = Your order has been dispatched, and will arrive just as fast as the pony can get there!]]>
  </system-out>
  <testcase classname="testcases.CompletePage_Test" name="VerifyCompletePageTitleTest" time="5.175"/>
  <system-out>
    <![CDATA[Title of CompletePage = Checkout: Complete!]]>
  </system-out>
</testsuite> <!-- testcases.CompletePage_Test -->
