<?xml version="1.0" encoding="UTF-8"?>
<!-- Generated by org.testng.reporters.JUnitReportReporter -->
<testsuite hostname="DESKTOP-CH883P8" failures="0" tests="7" name="testcases.CheckOutPage2_Test" time="28.708" errors="0" timestamp="2023-12-07T21:11:00 IST" skipped="0">
  <testcase classname="testcases.CheckOutPage2_Test" name="verifyPaymentInfoTextTest" time="4.184"/>
  <system-out>
    <![CDATA[Text of checkoutpage2 PaymentInfo = Payment Information]]>
  </system-out>
  <testcase classname="testcases.CheckOutPage2_Test" name="verifyCancelBtnTest" time="3.971"/>
  <system-out>
    <![CDATA[URL of cancel buttonhttps://www.saucedemo.com/inventory.html]]>
  </system-out>
  <testcase classname="testcases.CheckOutPage2_Test" name="verifyLableTest" time="3.829"/>
  <system-out>
    <![CDATA[lable of checkoutPage2 = Checkout: Overview]]>
  </system-out>
  <testcase classname="testcases.CheckOutPage2_Test" name="verifyTotalTextTest" time="4.984"/>
  <system-out>
    <![CDATA[Text of total price = Total: $0.00]]>
  </system-out>
  <testcase classname="testcases.CheckOutPage2_Test" name="verifyShippingInfoTextTest" time="3.996"/>
  <system-out>
    <![CDATA[Text of checkoutpage2 ShippingInfo = Shipping Information]]>
  </system-out>
  <testcase classname="testcases.CheckOutPage2_Test" name="verifyitemTotalTextTest" time="3.803"/>
  <system-out>
    <![CDATA[Text of checkoutpage2 item Total = Price Total]]>
  </system-out>
  <testcase classname="testcases.CheckOutPage2_Test" name="verifyclickOnFinishBtnTest" time="3.941"/>
  <system-out>
    <![CDATA[URL of finish buttonhttps://www.saucedemo.com/checkout-complete.html]]>
  </system-out>
</testsuite> <!-- testcases.CheckOutPage2_Test -->
