<?xml version="1.0" encoding="UTF-8"?>
<!-- Generated by org.testng.reporters.JUnitReportReporter -->
<testsuite hostname="DESKTOP-CH883P8" failures="0" tests="6" name="testcases.Inventry_page_2_Test" time="25.113" errors="0" timestamp="2023-12-01T12:13:23 IST" skipped="0">
  <testcase classname="testcases.Inventry_page_2_Test" name="verifyFacebookLogoTest" time="6.650"/>
  <system-out>
    <![CDATA[visibility of facebook logo = true]]>
  </system-out>
  <testcase classname="testcases.Inventry_page_2_Test" name="verifyLinkdinLogoTest" time="3.685"/>
  <system-out>
    <![CDATA[visibility of Linkdin logo = true]]>
  </system-out>
  <testcase classname="testcases.Inventry_page_2_Test" name="verifyTwitterLogoTest" time="3.449"/>
  <system-out>
    <![CDATA[visibility of twitter logo = true]]>
  </system-out>
  <testcase classname="testcases.Inventry_page_2_Test" name="verifyProductLableTest" time="3.438"/>
  <system-out>
    <![CDATA[Lable of Inventory page = Products]]>
  </system-out>
  <testcase classname="testcases.Inventry_page_2_Test" name="verifyAppLogoTest" time="3.414"/>
  <system-out>
    <![CDATA[lable of Inventory page = Swag Labs]]>
  </system-out>
  <testcase classname="testcases.Inventry_page_2_Test" name="add6ProductsTest" time="4.477"/>
  <system-out>
    <![CDATA[Total products added to cart = 6]]>
  </system-out>
</testsuite> <!-- testcases.Inventry_page_2_Test -->
