<?xml version="1.0" encoding="UTF-8"?>
<!-- Generated by org.testng.reporters.JUnitReportReporter -->
<testsuite hostname="DESKTOP-CH883P8" failures="0" tests="3" name="testcases.CheckOutPage1_Test" time="10.994" errors="0" timestamp="2023-12-07T21:11:00 IST" skipped="0">
  <testcase classname="testcases.CheckOutPage1_Test" name="InputinformationTest" time="3.775"/>
  <system-out>
    <![CDATA[Title of CheckOut page 2 = https://www.saucedemo.com/checkout-step-two.html]]>
  </system-out>
  <testcase classname="testcases.CheckOutPage1_Test" name="verifyURlOfCheckOutPage1" time="3.430"/>
  <system-out>
    <![CDATA[URL Of CheckOut page1 = https://www.saucedemo.com/checkout-step-one.html]]>
  </system-out>
  <testcase classname="testcases.CheckOutPage1_Test" name="verifyTitleofApplicationTet" time="3.789"/>
  <system-out>
    <![CDATA[Title of checkOut Page = Checkout: Your Information]]>
  </system-out>
</testsuite> <!-- testcases.CheckOutPage1_Test -->
