<?xml version="1.0" encoding="UTF-8"?>
<!-- Generated by org.testng.reporters.JUnitReportReporter -->
<testsuite hostname="DESKTOP-CH883P8" failures="0" tests="1" name="testcases.Inventorypage2Test" time="4.622" errors="0" timestamp="2023-12-12T14:33:22 IST" skipped="0">
  <testcase classname="testcases.Inventorypage2Test" name="verifyProductLableTest" time="4.622"/>
  <system-out>
    <![CDATA[Lable of Inventory page = Products]]>
  </system-out>
</testsuite> <!-- testcases.Inventorypage2Test -->
