<?xml version="1.0" encoding="UTF-8"?>
<!-- Generated by org.testng.reporters.JUnitReportReporter -->
<testsuite hostname="DESKTOP-CH883P8" failures="0" tests="12" name="testcases.Cart_Page_Test" time="41.810" errors="0" timestamp="2023-12-07T21:11:00 IST" skipped="0">
  <testcase classname="testcases.Cart_Page_Test" name="verifyCart3linesTest" time="3.473"/>
  <system-out>
    <![CDATA[Visibility of Cart Page OpenMenu = true]]>
  </system-out>
  <testcase classname="testcases.Cart_Page_Test" name="verifyContinueShoppingCartBtnTest" time="3.688"/>
  <system-out>
    <![CDATA[Continue Shopping Button of Cart Page = Continue Shopping]]>
  </system-out>
  <testcase classname="testcases.Cart_Page_Test" name="verifyCartCheckOutBtnTest" time="3.539"/>
  <system-out>
    <![CDATA[CheckOut Button of Cart Page = Checkout]]>
  </system-out>
  <testcase classname="testcases.Cart_Page_Test" name="VerifyshoppingCartPageTest" time="3.493"/>
  <system-out>
    <![CDATA[Shopping Cart of Inventory Page :- true]]>
  </system-out>
  <testcase classname="testcases.Cart_Page_Test" name="verifyCartFacebookLogoTest" time="3.483"/>
  <system-out>
    <![CDATA[Facebook Log of Cart Page = true]]>
  </system-out>
  <testcase classname="testcases.Cart_Page_Test" name="verifyFooterTxtCartPageTest" time="3.583"/>
  <system-out>
    <![CDATA[Footer Text of Cart Page = true]]>
  </system-out>
  <testcase classname="testcases.Cart_Page_Test" name="verifyCartTwitterLogoTest" time="3.382"/>
  <system-out>
    <![CDATA[Twitter Log of Cart Page = true]]>
  </system-out>
  <testcase classname="testcases.Cart_Page_Test" name="verifyCartQualityLableTest" time="3.416"/>
  <system-out>
    <![CDATA[Visibility of Cart Page QTY Lable = QTY]]>
  </system-out>
  <testcase classname="testcases.Cart_Page_Test" name="VerifyURLofCartPageTest" time="3.303"/>
  <system-out>
    <![CDATA[URL of Your Cart = https://www.saucedemo.com/cart.html]]>
  </system-out>
  <testcase classname="testcases.Cart_Page_Test" name="verifyCartDescriptionLableTest" time="3.477"/>
  <system-out>
    <![CDATA[Visibility of Cart Page Description Lable = Description]]>
  </system-out>
  <testcase classname="testcases.Cart_Page_Test" name="verifyCartLinkedInLogoTest" time="3.562"/>
  <system-out>
    <![CDATA[LinkedIn Logo of Cart page = true]]>
  </system-out>
  <testcase classname="testcases.Cart_Page_Test" name="verifyCartPageTitle" time="3.411"/>
  <system-out>
    <![CDATA[Title of Your Cart = Your Cart]]>
  </system-out>
</testsuite> <!-- testcases.Cart_Page_Test -->
