<?xml version="1.0" encoding="UTF-8"?>
<!-- Generated by org.testng.reporters.JUnitReportReporter -->
<testsuite hostname="DESKTOP-CH883P8" failures="0" tests="3" name="testcases.LoginPage_Test" time="11.664" errors="0" timestamp="2023-12-13T10:03:33 IST" skipped="0">
  <testcase classname="testcases.LoginPage_Test" name="verifyURLofApplicationTest" time="3.958"/>
  <system-out/>
  <testcase classname="testcases.LoginPage_Test" name="verifyTitleOfApplicationTest" time="2.911"/>
  <system-out/>
  <testcase classname="testcases.LoginPage_Test" name="LoginToApplicationTest" time="4.795"/>
  <system-out/>
</testsuite> <!-- testcases.LoginPage_Test -->
