<?xml version="1.0" encoding="UTF-8"?>
<!-- Generated by org.testng.reporters.JUnitReportReporter -->
<testsuite hostname="DESKTOP-CH883P8" failures="0" tests="1" name="testcases.VerifyMultipalCredentialsTest" time="7.280" errors="0" timestamp="2023-12-12T13:34:15 IST" skipped="0">
  <testcase classname="testcases.VerifyMultipalCredentialsTest" name="LoginToApplicationTest" time="7.280"/>
  <system-out/>
</testsuite> <!-- testcases.VerifyMultipalCredentialsTest -->
